<?xml version="1.0" encoding="UTF-8"?>
<!-- Generated by org.testng.reporters.JUnitReportReporter -->
<testsuite hostname="N059D305" name="test.ExecutionTest" tests="1" failures="0" timestamp="21 Oct 2019 03:44:25 GMT" time="8.273" errors="0">
  <testcase name="smokeTest" time="8.273" classname="test.ExecutionTest"/>
</testsuite> <!-- test.ExecutionTest -->
